# JRE version: OpenJDK Runtime Environment Corretto-17.0.6.10.1 (17.0.6+10) (build 17.0.6+10-LTS)
# Java VM: OpenJDK 64-Bit Server VM Corretto-17.0.6.10.1 (17.0.6+10-LTS, mixed mode, sharing, tiered, compressed oops, compressed class ptrs, g1 gc, windows-amd64)
GC Precious Log:
 CPUs: 12 total, 12 available
 Memory: 24389M
 Large Page Support: Disabled
 NUMA Support: Disabled
 Compressed Oops: Enabled (32-bit)
 Heap Region Size: 1M
 Heap Min Capacity: 256M
 Heap Initial Capacity: 256M
 Heap Max Capacity: 512M
 Pre-touch: Disabled
 Parallel Workers: 10
 Concurrent Workers: 3
 Concurrent Refinement Workers: 10
 Periodic GC: Disabled
Heap:
 garbage-first heap   total 262144K, used 125897K [0x00000000e0000000, 0x0000000100000000)
  region size 1024K, 27 young (27648K), 17 survivors (17408K)
 Metaspace       used 68613K, committed 69376K, reserved 380928K
  class space    used 9673K, committed 10048K, reserved 315392K
GC Heap History (18 events):
Event: 10.540 GC heap before
{Heap before GC invocations=0 (full 0):
 garbage-first heap   total 262144K, used 22528K [0x00000000e0000000, 0x0000000100000000)
  region size 1024K, 23 young (23552K), 0 survivors (0K)
 Metaspace       used 1061K, committed 1216K, reserved 323584K
  class space    used 73K, committed 128K, reserved 315392K
}
Event: 10.541 GC heap after
{Heap after GC invocations=1 (full 0):
 garbage-first heap   total 262144K, used 2687K [0x00000000e0000000, 0x0000000100000000)
  region size 1024K, 3 young (3072K), 3 survivors (3072K)
 Metaspace       used 1061K, committed 1216K, reserved 323584K
  class space    used 73K, committed 128K, reserved 315392K
}
Event: 13.372 GC heap before
{Heap before GC invocations=1 (full 0):
 garbage-first heap   total 262144K, used 40575K [0x00000000e0000000, 0x0000000100000000)
  region size 1024K, 38 young (38912K), 3 survivors (3072K)
 Metaspace       used 4379K, committed 4544K, reserved 323584K
  class space    used 550K, committed 640K, reserved 315392K
}
Event: 13.375 GC heap after
{Heap after GC invocations=2 (full 0):
 garbage-first heap   total 262144K, used 11049K [0x00000000e0000000, 0x0000000100000000)
  region size 1024K, 5 young (5120K), 5 survivors (5120K)
 Metaspace       used 4379K, committed 4544K, reserved 323584K
  class space    used 550K, committed 640K, reserved 315392K
}
Event: 21.077 GC heap before
{Heap before GC invocations=2 (full 0):
 garbage-first heap   total 262144K, used 62249K [0x00000000e0000000, 0x0000000100000000)
  region size 1024K, 53 young (54272K), 5 survivors (5120K)
 Metaspace       used 5493K, committed 5696K, reserved 323584K
  class space    used 739K, committed 832K, reserved 315392K
}
Event: 21.083 GC heap after
{Heap after GC invocations=3 (full 0):
 garbage-first heap   total 262144K, used 16903K [0x00000000e0000000, 0x0000000100000000)
  region size 1024K, 7 young (7168K), 7 survivors (7168K)
 Metaspace       used 5493K, committed 5696K, reserved 323584K
  class space    used 739K, committed 832K, reserved 315392K
}
Event: 22.961 GC heap before
{Heap before GC invocations=3 (full 0):
 garbage-first heap   total 262144K, used 118279K [0x00000000e0000000, 0x0000000100000000)
  region size 1024K, 107 young (109568K), 7 survivors (7168K)
 Metaspace       used 21153K, committed 21504K, reserved 339968K
  class space    used 3097K, committed 3264K, reserved 315392K
}
Event: 22.969 GC heap after
{Heap after GC invocations=4 (full 0):
 garbage-first heap   total 262144K, used 23973K [0x00000000e0000000, 0x0000000100000000)
  region size 1024K, 14 young (14336K), 14 survivors (14336K)
 Metaspace       used 21153K, committed 21504K, reserved 339968K
  class space    used 3097K, committed 3264K, reserved 315392K
}
Event: 25.631 GC heap before
{Heap before GC invocations=5 (full 0):
 garbage-first heap   total 262144K, used 159141K [0x00000000e0000000, 0x0000000100000000)
  region size 1024K, 131 young (134144K), 14 survivors (14336K)
 Metaspace       used 35253K, committed 35776K, reserved 348160K
  class space    used 4891K, committed 5120K, reserved 315392K
}
Event: 25.641 GC heap after
{Heap after GC invocations=6 (full 0):
 garbage-first heap   total 262144K, used 46552K [0x00000000e0000000, 0x0000000100000000)
  region size 1024K, 17 young (17408K), 17 survivors (17408K)
 Metaspace       used 35253K, committed 35776K, reserved 348160K
  class space    used 4891K, committed 5120K, reserved 315392K
}
Event: 25.669 GC heap before
{Heap before GC invocations=6 (full 0):
 garbage-first heap   total 262144K, used 48600K [0x00000000e0000000, 0x0000000100000000)
  region size 1024K, 20 young (20480K), 17 survivors (17408K)
 Metaspace       used 35478K, committed 35968K, reserved 348160K
  class space    used 4923K, committed 5184K, reserved 315392K
}
Event: 25.675 GC heap after
{Heap after GC invocations=7 (full 0):
 garbage-first heap   total 262144K, used 47235K [0x00000000e0000000, 0x0000000100000000)
  region size 1024K, 12 young (12288K), 12 survivors (12288K)
 Metaspace       used 35478K, committed 35968K, reserved 348160K
  class space    used 4923K, committed 5184K, reserved 315392K
}
Event: 28.272 GC heap before
{Heap before GC invocations=8 (full 0):
 garbage-first heap   total 262144K, used 196739K [0x00000000e0000000, 0x0000000100000000)
  region size 1024K, 148 young (151552K), 12 survivors (12288K)
 Metaspace       used 47452K, committed 48064K, reserved 364544K
  class space    used 6701K, committed 6976K, reserved 315392K
}
Event: 28.282 GC heap after
{Heap after GC invocations=9 (full 0):
 garbage-first heap   total 262144K, used 66524K [0x00000000e0000000, 0x0000000100000000)
  region size 1024K, 11 young (11264K), 11 survivors (11264K)
 Metaspace       used 47452K, committed 48064K, reserved 364544K
  class space    used 6701K, committed 6976K, reserved 315392K
}
Event: 29.745 GC heap before
{Heap before GC invocations=9 (full 0):
 garbage-first heap   total 262144K, used 166876K [0x00000000e0000000, 0x0000000100000000)
  region size 1024K, 110 young (112640K), 11 survivors (11264K)
 Metaspace       used 59535K, committed 60096K, reserved 372736K
  class space    used 8372K, committed 8640K, reserved 315392K
}
Event: 29.754 GC heap after
{Heap after GC invocations=10 (full 0):
 garbage-first heap   total 262144K, used 74028K [0x00000000e0000000, 0x0000000100000000)
  region size 1024K, 8 young (8192K), 8 survivors (8192K)
 Metaspace       used 59535K, committed 60096K, reserved 372736K
  class space    used 8372K, committed 8640K, reserved 315392K
}
Event: 33.440 GC heap before
{Heap before GC invocations=11 (full 0):
 garbage-first heap   total 262144K, used 228652K [0x00000000e0000000, 0x0000000100000000)
  region size 1024K, 131 young (134144K), 8 survivors (8192K)
 Metaspace       used 67502K, committed 68224K, reserved 380928K
  class space    used 9507K, committed 9856K, reserved 315392K
}
Event: 33.447 GC heap after
{Heap after GC invocations=12 (full 0):
 garbage-first heap   total 262144K, used 116681K [0x00000000e0000000, 0x0000000100000000)
  region size 1024K, 17 young (17408K), 17 survivors (17408K)
 Metaspace       used 67502K, committed 68224K, reserved 380928K
  class space    used 9507K, committed 9856K, reserved 315392K
}

