# JRE version: OpenJDK Runtime Environment Corretto-17.0.6.10.1 (17.0.6+10) (build 17.0.6+10-LTS)
# Java VM: OpenJDK 64-Bit Server VM Corretto-17.0.6.10.1 (17.0.6+10-LTS, mixed mode, sharing, tiered, compressed oops, compressed class ptrs, g1 gc, windows-amd64)
GC Precious Log:
 CPUs: 12 total, 12 available
 Memory: 24389M
 Large Page Support: Disabled
 NUMA Support: Disabled
 Compressed Oops: Enabled (32-bit)
 Heap Region Size: 1M
 Heap Min Capacity: 256M
 Heap Initial Capacity: 256M
 Heap Max Capacity: 512M
 Pre-touch: Disabled
 Parallel Workers: 10
 Concurrent Workers: 3
 Concurrent Refinement Workers: 10
 Periodic GC: Disabled
Heap:
 garbage-first heap   total 262144K, used 88435K [0x00000000e0000000, 0x0000000100000000)
  region size 1024K, 25 young (25600K), 12 survivors (12288K)
 Metaspace       used 59579K, committed 60288K, reserved 372736K
  class space    used 8523K, committed 8832K, reserved 315392K
GC Heap History (16 events):
Event: 0.380 GC heap before
{Heap before GC invocations=0 (full 0):
 garbage-first heap   total 262144K, used 22528K [0x00000000e0000000, 0x0000000100000000)
  region size 1024K, 23 young (23552K), 0 survivors (0K)
 Metaspace       used 1058K, committed 1216K, reserved 323584K
  class space    used 73K, committed 128K, reserved 315392K
}
Event: 0.381 GC heap after
{Heap after GC invocations=1 (full 0):
 garbage-first heap   total 262144K, used 2741K [0x00000000e0000000, 0x0000000100000000)
  region size 1024K, 3 young (3072K), 3 survivors (3072K)
 Metaspace       used 1058K, committed 1216K, reserved 323584K
  class space    used 73K, committed 128K, reserved 315392K
}
Event: 0.846 GC heap before
{Heap before GC invocations=1 (full 0):
 garbage-first heap   total 262144K, used 40629K [0x00000000e0000000, 0x0000000100000000)
  region size 1024K, 38 young (38912K), 3 survivors (3072K)
 Metaspace       used 4394K, committed 4544K, reserved 323584K
  class space    used 549K, committed 640K, reserved 315392K
}
Event: 0.849 GC heap after
{Heap after GC invocations=2 (full 0):
 garbage-first heap   total 262144K, used 10791K [0x00000000e0000000, 0x0000000100000000)
  region size 1024K, 5 young (5120K), 5 survivors (5120K)
 Metaspace       used 4394K, committed 4544K, reserved 323584K
  class space    used 549K, committed 640K, reserved 315392K
}
Event: 1.237 GC heap before
{Heap before GC invocations=2 (full 0):
 garbage-first heap   total 262144K, used 58919K [0x00000000e0000000, 0x0000000100000000)
  region size 1024K, 50 young (51200K), 5 survivors (5120K)
 Metaspace       used 5073K, committed 5312K, reserved 323584K
  class space    used 666K, committed 768K, reserved 315392K
}
Event: 1.241 GC heap after
{Heap after GC invocations=3 (full 0):
 garbage-first heap   total 262144K, used 16526K [0x00000000e0000000, 0x0000000100000000)
  region size 1024K, 5 young (5120K), 5 survivors (5120K)
 Metaspace       used 5073K, committed 5312K, reserved 323584K
  class space    used 666K, committed 768K, reserved 315392K
}
Event: 2.946 GC heap before
{Heap before GC invocations=3 (full 0):
 garbage-first heap   total 262144K, used 118926K [0x00000000e0000000, 0x0000000100000000)
  region size 1024K, 106 young (108544K), 5 survivors (5120K)
 Metaspace       used 21136K, committed 21504K, reserved 339968K
  class space    used 3092K, committed 3200K, reserved 315392K
}
Event: 2.954 GC heap after
{Heap after GC invocations=4 (full 0):
 garbage-first heap   total 262144K, used 23755K [0x00000000e0000000, 0x0000000100000000)
  region size 1024K, 12 young (12288K), 12 survivors (12288K)
 Metaspace       used 21136K, committed 21504K, reserved 339968K
  class space    used 3092K, committed 3200K, reserved 315392K
}
Event: 4.403 GC heap before
{Heap before GC invocations=5 (full 0):
 garbage-first heap   total 262144K, used 161995K [0x00000000e0000000, 0x0000000100000000)
  region size 1024K, 133 young (136192K), 12 survivors (12288K)
 Metaspace       used 35517K, committed 35968K, reserved 348160K
  class space    used 4933K, committed 5184K, reserved 315392K
}
Event: 4.415 GC heap after
{Heap after GC invocations=6 (full 0):
 garbage-first heap   total 262144K, used 46443K [0x00000000e0000000, 0x0000000100000000)
  region size 1024K, 19 young (19456K), 19 survivors (19456K)
 Metaspace       used 35517K, committed 35968K, reserved 348160K
  class space    used 4933K, committed 5184K, reserved 315392K
}
Event: 5.862 GC heap before
{Heap before GC invocations=7 (full 0):
 garbage-first heap   total 262144K, used 193899K [0x00000000e0000000, 0x0000000100000000)
  region size 1024K, 153 young (156672K), 19 survivors (19456K)
 Metaspace       used 47333K, committed 47936K, reserved 356352K
  class space    used 6696K, committed 6976K, reserved 315392K
}
Event: 5.872 GC heap after
{Heap after GC invocations=8 (full 0):
 garbage-first heap   total 262144K, used 64651K [0x00000000e0000000, 0x0000000100000000)
  region size 1024K, 11 young (11264K), 11 survivors (11264K)
 Metaspace       used 47333K, committed 47936K, reserved 356352K
  class space    used 6696K, committed 6976K, reserved 315392K
}
Event: 8.244 GC heap before
{Heap before GC invocations=8 (full 0):
 garbage-first heap   total 262144K, used 196747K [0x00000000e0000000, 0x0000000100000000)
  region size 1024K, 141 young (144384K), 11 survivors (11264K)
 Metaspace       used 58120K, committed 58752K, reserved 372736K
  class space    used 8307K, committed 8576K, reserved 315392K
}
Event: 8.251 GC heap after
{Heap after GC invocations=9 (full 0):
 garbage-first heap   total 262144K, used 73300K [0x00000000e0000000, 0x0000000100000000)
  region size 1024K, 9 young (9216K), 9 survivors (9216K)
 Metaspace       used 58120K, committed 58752K, reserved 372736K
  class space    used 8307K, committed 8576K, reserved 315392K
}
Event: 8.657 GC heap before
{Heap before GC invocations=9 (full 0):
 garbage-first heap   total 262144K, used 113236K [0x00000000e0000000, 0x0000000100000000)
  region size 1024K, 49 young (50176K), 9 survivors (9216K)
 Metaspace       used 59435K, committed 60096K, reserved 372736K
  class space    used 8490K, committed 8768K, reserved 315392K
}
Event: 8.661 GC heap after
{Heap after GC invocations=10 (full 0):
 garbage-first heap   total 262144K, used 76147K [0x00000000e0000000, 0x0000000100000000)
  region size 1024K, 12 young (12288K), 12 survivors (12288K)
 Metaspace       used 59435K, committed 60096K, reserved 372736K
  class space    used 8490K, committed 8768K, reserved 315392K
}

